Arguments: 
  C:\Program Files\nodejs\node.exe C:\Users\Cyril\AppData\Roaming\npm\node_modules\yarn\bin\yarn.js add react-router-dom@6

PATH: 
  C:\Users\Cyril\bin;C:\Program Files\Git\mingw64\bin;C:\Program Files\Git\usr\local\bin;C:\Program Files\Git\usr\bin;C:\Program Files\Git\usr\bin;C:\Program Files\Git\mingw64\bin;C:\Program Files\Git\usr\bin;C:\Users\Cyril\bin;C:\Python39\Scripts;C:\Python39;C:\Program Files (x86)\Common Files\Oracle\Java\javapath;C:\Program Files (x86)\Razer Chroma SDK\bin;C:\Program Files\Razer Chroma SDK\bin;C:\Windows\system32;C:\Windows;C:\Windows\System32\Wbem;C:\Windows\System32\WindowsPowerShell\v1.0;C:\Windows\System32\OpenSSH;C:\Program Files (x86)\NVIDIA Corporation\PhysX\Common;C:\Program Files\NVIDIA Corporation\NVIDIA NvDLISR;C:\Users\Cyril\AppData\Local\Microsoft\WindowsApps;C:\Users\Cyril\AppData\Local\Programs\Microsoft VS Code\bin;C:\Program Files\dotnet;C:\WINDOWS\system32;C:\WINDOWS;C:\WINDOWS\System32\Wbem;C:\WINDOWS\System32\WindowsPowerShell\v1.0;C:\WINDOWS\System32\OpenSSH;C:\Program Files\Git\cmd;C:\ProgramData\chocolatey\bin;C:\Program Files\nodejs;C:\Users\Cyril\AppData\Local\Microsoft\WindowsApps;C:\Users\Cyril\AppData\Local\Programs\Microsoft VS Code\bin;C:\Users\Cyril\AppData\Local\hyper\app-3.0.2\resources\bin;C:\Program Files\JetBrains\WebStorm 2021.1.1\bin;C:\Users\Cyril\AppData\Roaming\npm;C:\Program Files\Git\usr\bin\vendor_perl;C:\Program Files\Git\usr\bin\core_perl

Yarn version: 
  1.22.17

Node version: 
  16.10.0

Platform: 
  win32 x64

Trace: 
  Error: EPERM: operation not permitted, unlink 'E:\OpenClassroom\P12 - Développez un tableau de bord d analytics avec React\CyrilTiger_12_15102021\node_modules\esbuild-windows-64\esbuild.exe'

npm manifest: 
  {
    "name": "package.json",
    "version": "0.0.0",
    "scripts": {
      "dev": "vite",
      "build": "vite build",
      "serve": "vite preview",
      "prepare": "husky install",
      "lint": "eslint **/*.jsx --fix",
      "storybook": "start-storybook -p 6006",
      "build-storybook": "build-storybook"
    },
    "dependencies": {
      "axios": "^0.24.0",
      "prop-types": "^15.7.2",
      "react": "^17.0.0",
      "react-dom": "^17.0.0",
      "recharts": "^2.1.6"
    },
    "devDependencies": {
      "@babel/core": "^7.15.8",
      "@storybook/addon-actions": "^6.3.12",
      "@storybook/addon-essentials": "^6.3.12",
      "@storybook/addon-links": "^6.3.12",
      "@storybook/react": "^6.3.12",
      "@vitejs/plugin-react": "^1.0.0",
      "autoprefixer": "^10.3.7",
      "babel-loader": "^8.2.2",
      "eslint": "^7.32.0",
      "eslint-config-standard": "^16.0.3",
      "eslint-plugin-import": "^2.25.2",
      "eslint-plugin-node": "^11.1.0",
      "eslint-plugin-promise": "^5.1.0",
      "eslint-plugin-react": "^7.26.1",
      "husky": "^7.0.2",
      "postcss": "^8.3.9",
      "tailwindcss": "^2.2.17",
      "vite": "^2.6.4"
    }
  }

yarn manifest: 
  No manifest

Lockfile: 
  No lockfile
